c:\users\rkd4a\desktop\edu\c_edu\c_edu\x64\debug\vc142.pdb
c:\users\rkd4a\desktop\edu\c_edu\c_edu\x64\debug\vc142.idb
c:\users\rkd4a\desktop\edu\c_edu\c_edu\x64\debug\main.obj
c:\users\rkd4a\desktop\edu\c_edu\c_edu\x64\debug\11_recursion_func.obj
c:\users\rkd4a\desktop\edu\c_edu\c_edu\x64\debug\10_extern_2.obj
c:\users\rkd4a\desktop\edu\c_edu\c_edu\x64\debug\10_extern_1.obj
c:\users\rkd4a\desktop\edu\c_edu\c_edu\x64\debug\09_static.obj
c:\users\rkd4a\desktop\edu\c_edu\c_edu\x64\debug\08_function.obj
c:\users\rkd4a\desktop\edu\c_edu\c_edu\x64\debug\07_loop.obj
c:\users\rkd4a\desktop\edu\c_edu\c_edu\x64\debug\06_if_n_switch.obj
c:\users\rkd4a\desktop\edu\c_edu\c_edu\x64\debug\05_math.obj
c:\users\rkd4a\desktop\edu\c_edu\c_edu\x64\debug\04_variable.obj
c:\users\rkd4a\desktop\edu\c_edu\c_edu\x64\debug\03_scanf_s().obj
c:\users\rkd4a\desktop\edu\c_edu\c_edu\x64\debug\02_warmnig_up.obj
c:\users\rkd4a\desktop\edu\c_edu\c_edu\x64\debug\01_printf().obj
c:\users\rkd4a\desktop\edu\c_edu\c_edu\x64\debug\12_array.obj
c:\users\rkd4a\desktop\edu\c_edu\c_edu\x64\debug\13_pointer.obj
c:\users\rkd4a\desktop\edu\c_edu\c_edu\x64\debug\14_string.obj
c:\users\rkd4a\desktop\edu\c_edu\c_edu\x64\debug\15_structure.obj
c:\users\rkd4a\desktop\edu\c_edu\x64\debug\c_edu.exe
c:\users\rkd4a\desktop\edu\c_edu\x64\debug\c_edu.ilk
c:\users\rkd4a\desktop\edu\c_edu\x64\debug\c_edu.pdb
c:\users\rkd4a\desktop\edu\c_edu\c_edu\x64\debug\c_edu.tlog\cl.command.1.tlog
c:\users\rkd4a\desktop\edu\c_edu\c_edu\x64\debug\c_edu.tlog\cl.read.1.tlog
c:\users\rkd4a\desktop\edu\c_edu\c_edu\x64\debug\c_edu.tlog\cl.write.1.tlog
c:\users\rkd4a\desktop\edu\c_edu\c_edu\x64\debug\c_edu.tlog\link.command.1.tlog
c:\users\rkd4a\desktop\edu\c_edu\c_edu\x64\debug\c_edu.tlog\link.read.1.tlog
c:\users\rkd4a\desktop\edu\c_edu\c_edu\x64\debug\c_edu.tlog\link.write.1.tlog
