c:\users\rkd4a\desktop\edu\c_edu\c_edu\debug\vc142.pdb
c:\users\rkd4a\desktop\edu\c_edu\c_edu\debug\vc142.idb
c:\users\rkd4a\desktop\edu\c_edu\c_edu\debug\main.obj
c:\users\rkd4a\desktop\edu\c_edu\c_edu\debug\09_function_variable.obj
c:\users\rkd4a\desktop\edu\c_edu\c_edu\debug\08_function.obj
c:\users\rkd4a\desktop\edu\c_edu\c_edu\debug\07_loop.obj
c:\users\rkd4a\desktop\edu\c_edu\c_edu\debug\06_if_n_switch.obj
c:\users\rkd4a\desktop\edu\c_edu\c_edu\debug\05_math.obj
c:\users\rkd4a\desktop\edu\c_edu\c_edu\debug\04_variable.obj
c:\users\rkd4a\desktop\edu\c_edu\c_edu\debug\03_scanf_s().obj
c:\users\rkd4a\desktop\edu\c_edu\c_edu\debug\01_printf().obj
c:\users\rkd4a\desktop\edu\c_edu\c_edu\debug\02_warmnig_up.obj
c:\users\rkd4a\desktop\edu\c_edu\debug\c_edu.exe
c:\users\rkd4a\desktop\edu\c_edu\debug\c_edu.ilk
c:\users\rkd4a\desktop\edu\c_edu\debug\c_edu.pdb
c:\users\rkd4a\desktop\edu\c_edu\c_edu\debug\c_edu.tlog\cl.command.1.tlog
c:\users\rkd4a\desktop\edu\c_edu\c_edu\debug\c_edu.tlog\cl.read.1.tlog
c:\users\rkd4a\desktop\edu\c_edu\c_edu\debug\c_edu.tlog\cl.write.1.tlog
c:\users\rkd4a\desktop\edu\c_edu\c_edu\debug\c_edu.tlog\link.command.1.tlog
c:\users\rkd4a\desktop\edu\c_edu\c_edu\debug\c_edu.tlog\link.read.1.tlog
c:\users\rkd4a\desktop\edu\c_edu\c_edu\debug\c_edu.tlog\link.write.1.tlog
