  04_variablecpp.cpp
C:\Users\user\Desktop\Programming_Edu\C_Edu\C_Edu\04_variablecpp.cpp(228,13): warning C4477:  'printf' : 서식 문자열 '%d'에 'int' 형식의 인수가 필요하지만 variadic 인수 1의 형식이 '__int64'입니다.
C:\Users\user\Desktop\Programming_Edu\C_Edu\C_Edu\04_variablecpp.cpp(228,13): message :  서식 문자열에서 '%lld'을(를) 사용하는 것이 좋습니다.
C:\Users\user\Desktop\Programming_Edu\C_Edu\C_Edu\04_variablecpp.cpp(228,13): message :  서식 문자열에서 '%I64d'을(를) 사용하는 것이 좋습니다.
C:\Users\user\Desktop\Programming_Edu\C_Edu\C_Edu\04_variablecpp.cpp(270,11): warning C4477:  'printf' : 서식 문자열 '%d'에 'int' 형식의 인수가 필요하지만 variadic 인수 1의 형식이 '__int64'입니다.
C:\Users\user\Desktop\Programming_Edu\C_Edu\C_Edu\04_variablecpp.cpp(270,11): message :  서식 문자열에서 '%lld'을(를) 사용하는 것이 좋습니다.
C:\Users\user\Desktop\Programming_Edu\C_Edu\C_Edu\04_variablecpp.cpp(270,11): message :  서식 문자열에서 '%I64d'을(를) 사용하는 것이 좋습니다.
C:\Users\user\Desktop\Programming_Edu\C_Edu\C_Edu\04_variablecpp.cpp(270,11): warning C4477:  'printf' : 서식 문자열 '%d'에 'int' 형식의 인수가 필요하지만 variadic 인수 2의 형식이 '__int64'입니다.
C:\Users\user\Desktop\Programming_Edu\C_Edu\C_Edu\04_variablecpp.cpp(270,11): message :  서식 문자열에서 '%lld'을(를) 사용하는 것이 좋습니다.
C:\Users\user\Desktop\Programming_Edu\C_Edu\C_Edu\04_variablecpp.cpp(270,11): message :  서식 문자열에서 '%I64d'을(를) 사용하는 것이 좋습니다.
C:\Users\user\Desktop\Programming_Edu\C_Edu\C_Edu\04_variablecpp.cpp(305,11): warning C4477:  'printf' : 서식 문자열 '%d'에 'int' 형식의 인수가 필요하지만 variadic 인수 1의 형식이 'double'입니다.
C:\Users\user\Desktop\Programming_Edu\C_Edu\C_Edu\04_variablecpp.cpp(305,11): warning C4477:  'printf' : 서식 문자열 '%d'에 'int' 형식의 인수가 필요하지만 variadic 인수 2의 형식이 'double'입니다.
C:\Users\user\Desktop\Programming_Edu\C_Edu\C_Edu\04_variablecpp.cpp(340,11): warning C4477:  'printf' : 서식 문자열 '%d'에 'int' 형식의 인수가 필요하지만 variadic 인수 1의 형식이 'double'입니다.
C:\Users\user\Desktop\Programming_Edu\C_Edu\C_Edu\04_variablecpp.cpp(340,11): warning C4477:  'printf' : 서식 문자열 '%d'에 'int' 형식의 인수가 필요하지만 variadic 인수 2의 형식이 'double'입니다.
C:\Users\user\Desktop\Programming_Edu\C_Edu\C_Edu\04_variablecpp.cpp(375,11): warning C4477:  'printf' : 서식 문자열 '%d'에 'int' 형식의 인수가 필요하지만 variadic 인수 1의 형식이 'long double'입니다.
C:\Users\user\Desktop\Programming_Edu\C_Edu\C_Edu\04_variablecpp.cpp(375,11): warning C4477:  'printf' : 서식 문자열 '%d'에 'int' 형식의 인수가 필요하지만 variadic 인수 2의 형식이 'long double'입니다.
C:\Users\user\Desktop\Programming_Edu\C_Edu\C_Edu\04_variablecpp.cpp(480,11): warning C4477:  'printf' : 서식 문자열 '%d'에 'int' 형식의 인수가 필요하지만 variadic 인수 1의 형식이 'unsigned __int64'입니다.
C:\Users\user\Desktop\Programming_Edu\C_Edu\C_Edu\04_variablecpp.cpp(480,11): message :  서식 문자열에서 '%lld'을(를) 사용하는 것이 좋습니다.
C:\Users\user\Desktop\Programming_Edu\C_Edu\C_Edu\04_variablecpp.cpp(480,11): message :  서식 문자열에서 '%I64d'을(를) 사용하는 것이 좋습니다.
C:\Users\user\Desktop\Programming_Edu\C_Edu\C_Edu\04_variablecpp.cpp(480,11): warning C4477:  'printf' : 서식 문자열 '%d'에 'int' 형식의 인수가 필요하지만 variadic 인수 2의 형식이 'unsigned __int64'입니다.
C:\Users\user\Desktop\Programming_Edu\C_Edu\C_Edu\04_variablecpp.cpp(480,11): message :  서식 문자열에서 '%lld'을(를) 사용하는 것이 좋습니다.
C:\Users\user\Desktop\Programming_Edu\C_Edu\C_Edu\04_variablecpp.cpp(480,11): message :  서식 문자열에서 '%I64d'을(를) 사용하는 것이 좋습니다.
C:\Users\user\Desktop\Programming_Edu\C_Edu\C_Edu\04_variablecpp.cpp(541,12): warning C4477:  'printf' : 서식 문자열 '%d'에 'int' 형식의 인수가 필요하지만 variadic 인수 1의 형식이 '__int64'입니다.
C:\Users\user\Desktop\Programming_Edu\C_Edu\C_Edu\04_variablecpp.cpp(541,12): message :  서식 문자열에서 '%lld'을(를) 사용하는 것이 좋습니다.
C:\Users\user\Desktop\Programming_Edu\C_Edu\C_Edu\04_variablecpp.cpp(541,12): message :  서식 문자열에서 '%I64d'을(를) 사용하는 것이 좋습니다.
C:\Users\user\Desktop\Programming_Edu\C_Edu\C_Edu\04_variablecpp.cpp(541,12): warning C4477:  'printf' : 서식 문자열 '%d'에 'int' 형식의 인수가 필요하지만 variadic 인수 2의 형식이 '__int64'입니다.
C:\Users\user\Desktop\Programming_Edu\C_Edu\C_Edu\04_variablecpp.cpp(541,12): message :  서식 문자열에서 '%lld'을(를) 사용하는 것이 좋습니다.
C:\Users\user\Desktop\Programming_Edu\C_Edu\C_Edu\04_variablecpp.cpp(541,12): message :  서식 문자열에서 '%I64d'을(를) 사용하는 것이 좋습니다.
C:\Users\user\Desktop\Programming_Edu\C_Edu\C_Edu\04_variablecpp.cpp(575,12): warning C4477:  'printf' : 서식 문자열 '%d'에 'int' 형식의 인수가 필요하지만 variadic 인수 1의 형식이 'double'입니다.
C:\Users\user\Desktop\Programming_Edu\C_Edu\C_Edu\04_variablecpp.cpp(575,12): warning C4477:  'printf' : 서식 문자열 '%d'에 'int' 형식의 인수가 필요하지만 variadic 인수 2의 형식이 'double'입니다.
C:\Users\user\Desktop\Programming_Edu\C_Edu\C_Edu\04_variablecpp.cpp(609,12): warning C4477:  'printf' : 서식 문자열 '%d'에 'int' 형식의 인수가 필요하지만 variadic 인수 1의 형식이 'double'입니다.
C:\Users\user\Desktop\Programming_Edu\C_Edu\C_Edu\04_variablecpp.cpp(609,12): warning C4477:  'printf' : 서식 문자열 '%d'에 'int' 형식의 인수가 필요하지만 variadic 인수 2의 형식이 'double'입니다.
C:\Users\user\Desktop\Programming_Edu\C_Edu\C_Edu\04_variablecpp.cpp(643,12): warning C4477:  'printf' : 서식 문자열 '%d'에 'int' 형식의 인수가 필요하지만 variadic 인수 1의 형식이 'long double'입니다.
C:\Users\user\Desktop\Programming_Edu\C_Edu\C_Edu\04_variablecpp.cpp(643,12): warning C4477:  'printf' : 서식 문자열 '%d'에 'int' 형식의 인수가 필요하지만 variadic 인수 2의 형식이 'long double'입니다.
C:\Users\user\Desktop\Programming_Edu\C_Edu\C_Edu\04_variablecpp.cpp(743,12): warning C4477:  'printf' : 서식 문자열 '%d'에 'int' 형식의 인수가 필요하지만 variadic 인수 1의 형식이 'unsigned __int64'입니다.
C:\Users\user\Desktop\Programming_Edu\C_Edu\C_Edu\04_variablecpp.cpp(743,12): message :  서식 문자열에서 '%lld'을(를) 사용하는 것이 좋습니다.
C:\Users\user\Desktop\Programming_Edu\C_Edu\C_Edu\04_variablecpp.cpp(743,12): message :  서식 문자열에서 '%I64d'을(를) 사용하는 것이 좋습니다.
C:\Users\user\Desktop\Programming_Edu\C_Edu\C_Edu\04_variablecpp.cpp(743,12): warning C4477:  'printf' : 서식 문자열 '%d'에 'int' 형식의 인수가 필요하지만 variadic 인수 2의 형식이 'unsigned __int64'입니다.
C:\Users\user\Desktop\Programming_Edu\C_Edu\C_Edu\04_variablecpp.cpp(743,12): message :  서식 문자열에서 '%lld'을(를) 사용하는 것이 좋습니다.
C:\Users\user\Desktop\Programming_Edu\C_Edu\C_Edu\04_variablecpp.cpp(743,12): message :  서식 문자열에서 '%I64d'을(를) 사용하는 것이 좋습니다.
  코드를 생성하고 있습니다.
  1 of 25 functions ( 4.0%) were compiled, the rest were copied from previous compilation.
    0 functions were new in current compilation
    1 functions had inline decision re-evaluated but remain unchanged
  코드를 생성했습니다.
  C_Edu.vcxproj -> C:\Users\user\Desktop\Programming_Edu\C_Edu\Release\C_Edu.exe
